This is pdfTeX, Version 3.14159265-2.6-1.40.20 (MiKTeX 2.9.7000 64-bit) (preloaded format=pdflatex 2020.3.24)  28 MAR 2021 12:18
entering extended mode
**./CourseWorkGoroshko.tex
(CourseWorkGoroshko.tex
LaTeX2e <2018-12-01>

("C:\Users\Николай Горошко\AppData\Local\Programs\MiKTeX 2.9\tex/
latex/extsizes\extreport.cls"
Document Class: extreport 1996/10/08 v1.0 Non Standard LaTeX document class

("C:\Users\Николай Горошко\AppData\Local\Programs\MiKTeX 2.9\tex/
latex/extsizes\size14.clo"
File: size14.clo 1999/11/11 v1.4a NON-Standard LaTeX file (size option)
)
("C:\Users\Николай Горошко\AppData\Local\Programs\MiKTeX 2.9\tex/
latex/base\exscale.sty"
Package: exscale 2018/09/24 v2.1i Standard LaTeX package exscale
LaTeX Font Info:    Redeclaring symbol font `largesymbols' on input line 57.
LaTeX Font Info:    Overwriting symbol font `largesymbols' in version `normal'
(Font)                  OMX/cmex/m/n --> OMX/cmex/m/n on input line 57.
LaTeX Font Info:    Overwriting symbol font `largesymbols' in version `bold'
(Font)                  OMX/cmex/m/n --> OMX/cmex/m/n on input line 57.
\big@size=\dimen102
)
\c@part=\count80
\c@chapter=\count81
\c@section=\count82
\c@subsection=\count83
\c@subsubsection=\count84
\c@paragraph=\count85
\c@subparagraph=\count86
\c@figure=\count87
\c@table=\count88
\abovecaptionskip=\skip41
\belowcaptionskip=\skip42
\bibindent=\dimen103
)
("C:\Users\Николай Горошко\AppData\Local\Programs\MiKTeX 2.9\tex/
latex/base\inputenc.sty"
Package: inputenc 2018/08/11 v1.3c Input encoding file
\inpenc@prehook=\toks14
\inpenc@posthook=\toks15

("C:\Users\Николай Горошко\AppData\Local\Programs\MiKTeX 2.9\tex/
latex/cyrillic\cp1251.def"
File: cp1251.def 2014/10/28 v1.0d Input encoding file
)) (BSUStyle.sty
Package: BSUStyle 2017/05/01 BSU diploma and master thesis package

("C:\Users\Николай Горошко\AppData\Local\Programs\MiKTeX 2.9\tex/
generic/babel\babel.sty"
Package: babel 2019/04/03 3.29 The Babel package

("C:\Users\Николай Горошко\AppData\Local\Programs\MiKTeX 2.9\tex/
generic/babel\switch.def"
File: switch.def 2019/04/03 3.29 Babel switching mechanism
)
*************************************
* Local config file bblopts.cfg used
*

("C:\Users\Николай Горошко\AppData\Local\Programs\MiKTeX 2.9\tex/
latex/arabi\bblopts.cfg"
File: bblopts.cfg 2005/09/08 v0.1 add Arabic and Farsi to "declared" options of
 babel
)
("C:\Users\Николай Горошко\AppData\Local\Programs\MiKTeX 2.9\tex/
latex/babel-russian\russianb.ldf"
Language: russian 2017/08/12 1.3j Russian support for the Babel system

("C:\Users\Николай Горошко\AppData\Local\Programs\MiKTeX 2.9\tex/
generic/babel\babel.def"
File: babel.def 2019/04/03 3.29 Babel common definitions
\babel@savecnt=\count89
\U@D=\dimen104

("C:\Users\Николай Горошко\AppData\Local\Programs\MiKTeX 2.9\tex/
generic/babel\txtbabel.def")
\bbl@dirlevel=\count90
)

Package babel Warning: No Cyrillic font encoding has been loaded so far.
(babel)                A font encoding should be declared before babel.
(babel)                Default `T2A' encoding will be loaded  on input line 74.



("C:\Users\Николай Горошко\AppData\Local\Programs\MiKTeX 2.9\tex/
latex/cyrillic\t2aenc.def"
File: t2aenc.def 2005/09/27 v1.0i Cyrillic encoding definition file
Now handling font encoding T2A ...
... processing UTF-8 mapping file for font encoding T2A

("C:\Users\Николай Горошко\AppData\Local\Programs\MiKTeX 2.9\tex/
latex/base\t2aenc.dfu"
File: t2aenc.dfu 2018/10/05 v1.2f UTF-8 support for inputenc
   defining Unicode char U+00A4 (decimal 164)
   defining Unicode char U+00A7 (decimal 167)
   defining Unicode char U+00AB (decimal 171)
   defining Unicode char U+00BB (decimal 187)
   defining Unicode char U+0131 (decimal 305)
   defining Unicode char U+0237 (decimal 567)
   defining Unicode char U+0400 (decimal 1024)
   defining Unicode char U+0401 (decimal 1025)
   defining Unicode char U+0402 (decimal 1026)
   defining Unicode char U+0403 (decimal 1027)
   defining Unicode char U+0404 (decimal 1028)
   defining Unicode char U+0405 (decimal 1029)
   defining Unicode char U+0406 (decimal 1030)
   defining Unicode char U+0407 (decimal 1031)
   defining Unicode char U+0408 (decimal 1032)
   defining Unicode char U+0409 (decimal 1033)
   defining Unicode char U+040A (decimal 1034)
   defining Unicode char U+040B (decimal 1035)
   defining Unicode char U+040C (decimal 1036)
   defining Unicode char U+040D (decimal 1037)
   defining Unicode char U+040E (decimal 1038)
   defining Unicode char U+040F (decimal 1039)
   defining Unicode char U+0410 (decimal 1040)
   defining Unicode char U+0411 (decimal 1041)
   defining Unicode char U+0412 (decimal 1042)
   defining Unicode char U+0413 (decimal 1043)
   defining Unicode char U+0414 (decimal 1044)
   defining Unicode char U+0415 (decimal 1045)
   defining Unicode char U+0416 (decimal 1046)
   defining Unicode char U+0417 (decimal 1047)
   defining Unicode char U+0418 (decimal 1048)
   defining Unicode char U+0419 (decimal 1049)
   defining Unicode char U+041A (decimal 1050)
   defining Unicode char U+041B (decimal 1051)
   defining Unicode char U+041C (decimal 1052)
   defining Unicode char U+041D (decimal 1053)
   defining Unicode char U+041E (decimal 1054)
   defining Unicode char U+041F (decimal 1055)
   defining Unicode char U+0420 (decimal 1056)
   defining Unicode char U+0421 (decimal 1057)
   defining Unicode char U+0422 (decimal 1058)
   defining Unicode char U+0423 (decimal 1059)
   defining Unicode char U+0424 (decimal 1060)
   defining Unicode char U+0425 (decimal 1061)
   defining Unicode char U+0426 (decimal 1062)
   defining Unicode char U+0427 (decimal 1063)
   defining Unicode char U+0428 (decimal 1064)
   defining Unicode char U+0429 (decimal 1065)
   defining Unicode char U+042A (decimal 1066)
   defining Unicode char U+042B (decimal 1067)
   defining Unicode char U+042C (decimal 1068)
   defining Unicode char U+042D (decimal 1069)
   defining Unicode char U+042E (decimal 1070)
   defining Unicode char U+042F (decimal 1071)
   defining Unicode char U+0430 (decimal 1072)
   defining Unicode char U+0431 (decimal 1073)
   defining Unicode char U+0432 (decimal 1074)
   defining Unicode char U+0433 (decimal 1075)
   defining Unicode char U+0434 (decimal 1076)
   defining Unicode char U+0435 (decimal 1077)
   defining Unicode char U+0436 (decimal 1078)
   defining Unicode char U+0437 (decimal 1079)
   defining Unicode char U+0438 (decimal 1080)
   defining Unicode char U+0439 (decimal 1081)
   defining Unicode char U+043A (decimal 1082)
   defining Unicode char U+043B (decimal 1083)
   defining Unicode char U+043C (decimal 1084)
   defining Unicode char U+043D (decimal 1085)
   defining Unicode char U+043E (decimal 1086)
   defining Unicode char U+043F (decimal 1087)
   defining Unicode char U+0440 (decimal 1088)
   defining Unicode char U+0441 (decimal 1089)
   defining Unicode char U+0442 (decimal 1090)
   defining Unicode char U+0443 (decimal 1091)
   defining Unicode char U+0444 (decimal 1092)
   defining Unicode char U+0445 (decimal 1093)
   defining Unicode char U+0446 (decimal 1094)
   defining Unicode char U+0447 (decimal 1095)
   defining Unicode char U+0448 (decimal 1096)
   defining Unicode char U+0449 (decimal 1097)
   defining Unicode char U+044A (decimal 1098)
   defining Unicode char U+044B (decimal 1099)
   defining Unicode char U+044C (decimal 1100)
   defining Unicode char U+044D (decimal 1101)
   defining Unicode char U+044E (decimal 1102)
   defining Unicode char U+044F (decimal 1103)
   defining Unicode char U+0450 (decimal 1104)
   defining Unicode char U+0451 (decimal 1105)
   defining Unicode char U+0452 (decimal 1106)
   defining Unicode char U+0453 (decimal 1107)
   defining Unicode char U+0454 (decimal 1108)
   defining Unicode char U+0455 (decimal 1109)
   defining Unicode char U+0456 (decimal 1110)
   defining Unicode char U+0457 (decimal 1111)
   defining Unicode char U+0458 (decimal 1112)
   defining Unicode char U+0459 (decimal 1113)
   defining Unicode char U+045A (decimal 1114)
   defining Unicode char U+045B (decimal 1115)
   defining Unicode char U+045C (decimal 1116)
   defining Unicode char U+045D (decimal 1117)
   defining Unicode char U+045E (decimal 1118)
   defining Unicode char U+045F (decimal 1119)
   defining Unicode char U+0490 (decimal 1168)
   defining Unicode char U+0491 (decimal 1169)
   defining Unicode char U+0492 (decimal 1170)
   defining Unicode char U+0493 (decimal 1171)
   defining Unicode char U+0496 (decimal 1174)
   defining Unicode char U+0497 (decimal 1175)
   defining Unicode char U+0498 (decimal 1176)
   defining Unicode char U+0499 (decimal 1177)
   defining Unicode char U+049A (decimal 1178)
   defining Unicode char U+049B (decimal 1179)
   defining Unicode char U+049C (decimal 1180)
   defining Unicode char U+049D (decimal 1181)
   defining Unicode char U+04A0 (decimal 1184)
   defining Unicode char U+04A1 (decimal 1185)
   defining Unicode char U+04A2 (decimal 1186)
   defining Unicode char U+04A3 (decimal 1187)
   defining Unicode char U+04A4 (decimal 1188)
   defining Unicode char U+04A5 (decimal 1189)
   defining Unicode char U+04AA (decimal 1194)
   defining Unicode char U+04AB (decimal 1195)
   defining Unicode char U+04AE (decimal 1198)
   defining Unicode char U+04AF (decimal 1199)
   defining Unicode char U+04B0 (decimal 1200)
   defining Unicode char U+04B1 (decimal 1201)
   defining Unicode char U+04B2 (decimal 1202)
   defining Unicode char U+04B3 (decimal 1203)
   defining Unicode char U+04B6 (decimal 1206)
   defining Unicode char U+04B7 (decimal 1207)
   defining Unicode char U+04B8 (decimal 1208)
   defining Unicode char U+04B9 (decimal 1209)
   defining Unicode char U+04BA (decimal 1210)
   defining Unicode char U+04BB (decimal 1211)
   defining Unicode char U+04C0 (decimal 1216)
   defining Unicode char U+04C1 (decimal 1217)
   defining Unicode char U+04C2 (decimal 1218)
   defining Unicode char U+04D0 (decimal 1232)
   defining Unicode char U+04D1 (decimal 1233)
   defining Unicode char U+04D2 (decimal 1234)
   defining Unicode char U+04D3 (decimal 1235)
   defining Unicode char U+04D4 (decimal 1236)
   defining Unicode char U+04D5 (decimal 1237)
   defining Unicode char U+04D6 (decimal 1238)
   defining Unicode char U+04D7 (decimal 1239)
   defining Unicode char U+04D8 (decimal 1240)
   defining Unicode char U+04D9 (decimal 1241)
   defining Unicode char U+04DA (decimal 1242)
   defining Unicode char U+04DB (decimal 1243)
   defining Unicode char U+04DC (decimal 1244)
   defining Unicode char U+04DD (decimal 1245)
   defining Unicode char U+04DE (decimal 1246)
   defining Unicode char U+04DF (decimal 1247)
   defining Unicode char U+04E2 (decimal 1250)
   defining Unicode char U+04E3 (decimal 1251)
   defining Unicode char U+04E4 (decimal 1252)
   defining Unicode char U+04E5 (decimal 1253)
   defining Unicode char U+04E6 (decimal 1254)
   defining Unicode char U+04E7 (decimal 1255)
   defining Unicode char U+04E8 (decimal 1256)
   defining Unicode char U+04E9 (decimal 1257)
   defining Unicode char U+04EC (decimal 1260)
   defining Unicode char U+04ED (decimal 1261)
   defining Unicode char U+04EE (decimal 1262)
   defining Unicode char U+04EF (decimal 1263)
   defining Unicode char U+04F0 (decimal 1264)
   defining Unicode char U+04F1 (decimal 1265)
   defining Unicode char U+04F2 (decimal 1266)
   defining Unicode char U+04F3 (decimal 1267)
   defining Unicode char U+04F4 (decimal 1268)
   defining Unicode char U+04F5 (decimal 1269)
   defining Unicode char U+04F8 (decimal 1272)
   defining Unicode char U+04F9 (decimal 1273)
   defining Unicode char U+200C (decimal 8204)
   defining Unicode char U+2013 (decimal 8211)
   defining Unicode char U+2014 (decimal 8212)
   defining Unicode char U+2018 (decimal 8216)
   defining Unicode char U+2019 (decimal 8217)
   defining Unicode char U+201C (decimal 8220)
   defining Unicode char U+201D (decimal 8221)
   defining Unicode char U+201E (decimal 8222)
   defining Unicode char U+2030 (decimal 8240)
   defining Unicode char U+2031 (decimal 8241)
   defining Unicode char U+2116 (decimal 8470)
   defining Unicode char U+2329 (decimal 9001)
   defining Unicode char U+232A (decimal 9002)
   defining Unicode char U+2423 (decimal 9251)
))
Package babel Info: Making " an active character on input line 120.
Package babel Info: Default for \cyrdash is provided on input line 157.
))
("C:\Users\Николай Горошко\AppData\Local\Programs\MiKTeX 2.9\tex/
latex/tools\indentfirst.sty"
Package: indentfirst 1995/11/23 v1.03 Indent first paragraph (DPC)
)
("C:\Users\Николай Горошко\AppData\Local\Programs\MiKTeX 2.9\tex/
latex/graphics\graphicx.sty"
Package: graphicx 2017/06/01 v1.1a Enhanced LaTeX Graphics (DPC,SPQR)

("C:\Users\Николай Горошко\AppData\Local\Programs\MiKTeX 2.9\tex/
latex/graphics\keyval.sty"
Package: keyval 2014/10/28 v1.15 key=value parser (DPC)
\KV@toks@=\toks16
)
("C:\Users\Николай Горошко\AppData\Local\Programs\MiKTeX 2.9\tex/
latex/graphics\graphics.sty"
Package: graphics 2017/06/25 v1.2c Standard LaTeX Graphics (DPC,SPQR)

("C:\Users\Николай Горошко\AppData\Local\Programs\MiKTeX 2.9\tex/
latex/graphics\trig.sty"
Package: trig 2016/01/03 v1.10 sin cos tan (DPC)
)
("C:\Users\Николай Горошко\AppData\Local\Programs\MiKTeX 2.9\tex/
latex/graphics-cfg\graphics.cfg"
File: graphics.cfg 2016/06/04 v1.11 sample graphics configuration
)
Package graphics Info: Driver file: pdftex.def on input line 99.

("C:\Users\Николай Горошко\AppData\Local\Programs\MiKTeX 2.9\tex/
latex/graphics-def\pdftex.def"
File: pdftex.def 2018/01/08 v1.0l Graphics/color driver for pdftex
))
\Gin@req@height=\dimen105
\Gin@req@width=\dimen106
)
("C:\Users\Николай Горошко\AppData\Local\Programs\MiKTeX 2.9\tex/
latex/amsmath\amsmath.sty"
Package: amsmath 2018/12/01 v2.17b AMS math features
\@mathmargin=\skip43

For additional information on amsmath, use the `?' option.

("C:\Users\Николай Горошко\AppData\Local\Programs\MiKTeX 2.9\tex/
latex/amsmath\amstext.sty"
Package: amstext 2000/06/29 v2.01 AMS text

("C:\Users\Николай Горошко\AppData\Local\Programs\MiKTeX 2.9\tex/
latex/amsmath\amsgen.sty"
File: amsgen.sty 1999/11/30 v2.0 generic functions
\@emptytoks=\toks17
\ex@=\dimen107
))
("C:\Users\Николай Горошко\AppData\Local\Programs\MiKTeX 2.9\tex/
latex/amsmath\amsbsy.sty"
Package: amsbsy 1999/11/29 v1.2d Bold Symbols
\pmbraise@=\dimen108
)
("C:\Users\Николай Горошко\AppData\Local\Programs\MiKTeX 2.9\tex/
latex/amsmath\amsopn.sty"
Package: amsopn 2016/03/08 v2.02 operator names
)
\inf@bad=\count91
LaTeX Info: Redefining \frac on input line 223.
\uproot@=\count92
\leftroot@=\count93
LaTeX Info: Redefining \overline on input line 385.
\classnum@=\count94
\DOTSCASE@=\count95
LaTeX Info: Redefining \ldots on input line 482.
LaTeX Info: Redefining \dots on input line 485.
LaTeX Info: Redefining \cdots on input line 606.
\Mathstrutbox@=\box27
\strutbox@=\box28
\big@size=\dimen109
LaTeX Font Info:    Redeclaring font encoding OML on input line 729.
LaTeX Font Info:    Redeclaring font encoding OMS on input line 730.
\macc@depth=\count96
\c@MaxMatrixCols=\count97
\dotsspace@=\muskip10
\c@parentequation=\count98
\dspbrk@lvl=\count99
\tag@help=\toks18
\row@=\count100
\column@=\count101
\maxfields@=\count102
\andhelp@=\toks19
\eqnshift@=\dimen110
\alignsep@=\dimen111
\tagshift@=\dimen112
\tagwidth@=\dimen113
\totwidth@=\dimen114
\lineht@=\dimen115
\@envbody=\toks20
\multlinegap=\skip44
\multlinetaggap=\skip45
\mathdisplay@stack=\toks21
LaTeX Info: Redefining \[ on input line 2844.
LaTeX Info: Redefining \] on input line 2845.
)
("C:\Users\Николай Горошко\AppData\Local\Programs\MiKTeX 2.9\tex/
latex/amsfonts\amsfonts.sty"
Package: amsfonts 2013/01/14 v3.01 Basic AMSFonts support
\symAMSa=\mathgroup4
\symAMSb=\mathgroup5
LaTeX Font Info:    Overwriting math alphabet `\mathfrak' in version `bold'
(Font)                  U/euf/m/n --> U/euf/b/n on input line 106.
)
("C:\Users\Николай Горошко\AppData\Local\Programs\MiKTeX 2.9\tex/
latex/amsfonts\amssymb.sty"
Package: amssymb 2013/01/14 v3.01 AMS font symbols
)
("C:\Users\Николай Горошко\AppData\Local\Programs\MiKTeX 2.9\tex/
latex/cite\cite.sty"
LaTeX Info: Redefining \cite on input line 302.
LaTeX Info: Redefining \nocite on input line 332.
Package: cite 2015/02/27  v 5.5
)
("C:\Users\Николай Горошко\AppData\Local\Programs\MiKTeX 2.9\tex/
latex/oberdiek\epstopdf.sty"
Package: epstopdf 2016/05/15 v2.6 Conversion with epstopdf on the fly (HO)

("C:\Users\Николай Горошко\AppData\Local\Programs\MiKTeX 2.9\tex/
latex/oberdiek\epstopdf-base.sty"
Package: epstopdf-base 2016/05/15 v2.6 Base part for package epstopdf

("C:\Users\Николай Горошко\AppData\Local\Programs\MiKTeX 2.9\tex/
generic/oberdiek\infwarerr.sty"
Package: infwarerr 2016/05/16 v1.4 Providing info/warning/error messages (HO)
)
("C:\Users\Николай Горошко\AppData\Local\Programs\MiKTeX 2.9\tex/
latex/oberdiek\grfext.sty"
Package: grfext 2016/05/16 v1.2 Manage graphics extensions (HO)

("C:\Users\Николай Горошко\AppData\Local\Programs\MiKTeX 2.9\tex/
generic/oberdiek\kvdefinekeys.sty"
Package: kvdefinekeys 2016/05/16 v1.4 Define keys (HO)

("C:\Users\Николай Горошко\AppData\Local\Programs\MiKTeX 2.9\tex/
generic/oberdiek\ltxcmds.sty"
Package: ltxcmds 2016/05/16 v1.23 LaTeX kernel commands for general use (HO)
)))
("C:\Users\Николай Горошко\AppData\Local\Programs\MiKTeX 2.9\tex/
latex/oberdiek\kvoptions.sty"
Package: kvoptions 2016/05/16 v3.12 Key value format for package options (HO)

("C:\Users\Николай Горошко\AppData\Local\Programs\MiKTeX 2.9\tex/
generic/oberdiek\kvsetkeys.sty"
Package: kvsetkeys 2016/05/16 v1.17 Key value parser (HO)

("C:\Users\Николай Горошко\AppData\Local\Programs\MiKTeX 2.9\tex/
generic/oberdiek\etexcmds.sty"
Package: etexcmds 2016/05/16 v1.6 Avoid name clashes with e-TeX commands (HO)

("C:\Users\Николай Горошко\AppData\Local\Programs\MiKTeX 2.9\tex/
generic/oberdiek\ifluatex.sty"
Package: ifluatex 2016/05/16 v1.4 Provides the ifluatex switch (HO)
Package ifluatex Info: LuaTeX not detected.
))))
("C:\Users\Николай Горошко\AppData\Local\Programs\MiKTeX 2.9\tex/
generic/oberdiek\pdftexcmds.sty"
Package: pdftexcmds 2018/09/10 v0.29 Utility functions of pdfTeX for LuaTeX (HO
)

("C:\Users\Николай Горошко\AppData\Local\Programs\MiKTeX 2.9\tex/
generic/oberdiek\ifpdf.sty"
Package: ifpdf 2018/09/07 v3.3 Provides the ifpdf switch
)
Package pdftexcmds Info: LuaTeX not detected.
Package pdftexcmds Info: \pdf@primitive is available.
Package pdftexcmds Info: \pdf@ifprimitive is available.
Package pdftexcmds Info: \pdfdraftmode found.
)
Package epstopdf-base Info: Redefining graphics rule for `.eps' on input line 4
38.
Package grfext Info: Graphics extension search list:
(grfext)             [.pdf,.png,.jpg,.mps,.jpeg,.jbig2,.jb2,.PDF,.PNG,.JPG,.JPE
G,.JBIG2,.JB2,.eps]
(grfext)             \AppendGraphicsExtensions on input line 456.
))
("C:\Users\Николай Горошко\AppData\Local\Programs\MiKTeX 2.9\tex/
latex/pgf/frontendlayer\tikz.sty"
("C:\Users\Николай Горошко\AppData\Local\Programs\MiKTeX 2.9\tex/
latex/pgf/basiclayer\pgf.sty"
("C:\Users\Николай Горошко\AppData\Local\Programs\MiKTeX 2.9\tex/
latex/pgf/utilities\pgfrcs.sty"
("C:\Users\Николай Горошко\AppData\Local\Programs\MiKTeX 2.9\tex/
generic/pgf/utilities\pgfutil-common.tex"
\pgfutil@everybye=\toks22
\pgfutil@tempdima=\dimen116
\pgfutil@tempdimb=\dimen117

("C:\Users\Николай Горошко\AppData\Local\Programs\MiKTeX 2.9\tex/
generic/pgf/utilities\pgfutil-common-lists.tex"))
("C:\Users\Николай Горошко\AppData\Local\Programs\MiKTeX 2.9\tex/
generic/pgf/utilities\pgfutil-latex.def"
\pgfutil@abb=\box29

("C:\Users\Николай Горошко\AppData\Local\Programs\MiKTeX 2.9\tex/
latex/ms\everyshi.sty"
Package: everyshi 2001/05/15 v3.00 EveryShipout Package (MS)
))
("C:\Users\Николай Горошко\AppData\Local\Programs\MiKTeX 2.9\tex/
generic/pgf/utilities\pgfrcs.code.tex"
("C:\Users\Николай Горошко\AppData\Local\Programs\MiKTeX 2.9\tex/
generic/pgf\pgf.revision.tex")
Package: pgfrcs 2019/04/04 v3.1.2 (3.1.2)
))
Package: pgf 2019/04/04 v3.1.2 (3.1.2)

("C:\Users\Николай Горошко\AppData\Local\Programs\MiKTeX 2.9\tex/
latex/pgf/basiclayer\pgfcore.sty"
("C:\Users\Николай Горошко\AppData\Local\Programs\MiKTeX 2.9\tex/
latex/pgf/systemlayer\pgfsys.sty"
("C:\Users\Николай Горошко\AppData\Local\Programs\MiKTeX 2.9\tex/
generic/pgf/systemlayer\pgfsys.code.tex"
Package: pgfsys 2019/04/04 v3.1.2 (3.1.2)

("C:\Users\Николай Горошко\AppData\Local\Programs\MiKTeX 2.9\tex/
generic/pgf/utilities\pgfkeys.code.tex"
\pgfkeys@pathtoks=\toks23
\pgfkeys@temptoks=\toks24

("C:\Users\Николай Горошко\AppData\Local\Programs\MiKTeX 2.9\tex/
generic/pgf/utilities\pgfkeysfiltered.code.tex"
\pgfkeys@tmptoks=\toks25
))
\pgf@x=\dimen118
\pgf@y=\dimen119
\pgf@xa=\dimen120
\pgf@ya=\dimen121
\pgf@xb=\dimen122
\pgf@yb=\dimen123
\pgf@xc=\dimen124
\pgf@yc=\dimen125
\w@pgf@writea=\write3
\r@pgf@reada=\read1
\c@pgf@counta=\count103
\c@pgf@countb=\count104
\c@pgf@countc=\count105
\c@pgf@countd=\count106
\t@pgf@toka=\toks26
\t@pgf@tokb=\toks27
\t@pgf@tokc=\toks28
\pgf@sys@id@count=\count107

("C:\Users\Николай Горошко\AppData\Local\Programs\MiKTeX 2.9\tex/
generic/pgf/systemlayer\pgf.cfg"
File: pgf.cfg 2019/04/04 v3.1.2 (3.1.2)
)
Driver file for pgf: pgfsys-pdftex.def

("C:\Users\Николай Горошко\AppData\Local\Programs\MiKTeX 2.9\tex/
generic/pgf/systemlayer\pgfsys-pdftex.def"
File: pgfsys-pdftex.def 2019/04/04 v3.1.2 (3.1.2)

("C:\Users\Николай Горошко\AppData\Local\Programs\MiKTeX 2.9\tex/
generic/pgf/systemlayer\pgfsys-common-pdf.def"
File: pgfsys-common-pdf.def 2019/04/04 v3.1.2 (3.1.2)
)))
("C:\Users\Николай Горошко\AppData\Local\Programs\MiKTeX 2.9\tex/
generic/pgf/systemlayer\pgfsyssoftpath.code.tex"
File: pgfsyssoftpath.code.tex 2019/04/04 v3.1.2 (3.1.2)
\pgfsyssoftpath@smallbuffer@items=\count108
\pgfsyssoftpath@bigbuffer@items=\count109
)
("C:\Users\Николай Горошко\AppData\Local\Programs\MiKTeX 2.9\tex/
generic/pgf/systemlayer\pgfsysprotocol.code.tex"
File: pgfsysprotocol.code.tex 2019/04/04 v3.1.2 (3.1.2)
))
("C:\Users\Николай Горошко\AppData\Local\Programs\MiKTeX 2.9\tex/
latex/xcolor\xcolor.sty"
Package: xcolor 2016/05/11 v2.12 LaTeX color extensions (UK)

("C:\Users\Николай Горошко\AppData\Local\Programs\MiKTeX 2.9\tex/
latex/graphics-cfg\color.cfg"
File: color.cfg 2016/01/02 v1.6 sample color configuration
)
Package xcolor Info: Driver file: pdftex.def on input line 225.
Package xcolor Info: Model `cmy' substituted by `cmy0' on input line 1348.
Package xcolor Info: Model `hsb' substituted by `rgb' on input line 1352.
Package xcolor Info: Model `RGB' extended on input line 1364.
Package xcolor Info: Model `HTML' substituted by `rgb' on input line 1366.
Package xcolor Info: Model `Hsb' substituted by `hsb' on input line 1367.
Package xcolor Info: Model `tHsb' substituted by `hsb' on input line 1368.
Package xcolor Info: Model `HSB' substituted by `hsb' on input line 1369.
Package xcolor Info: Model `Gray' substituted by `gray' on input line 1370.
Package xcolor Info: Model `wave' substituted by `hsb' on input line 1371.
)
("C:\Users\Николай Горошко\AppData\Local\Programs\MiKTeX 2.9\tex/
generic/pgf/basiclayer\pgfcore.code.tex"
Package: pgfcore 2019/04/04 v3.1.2 (3.1.2)

("C:\Users\Николай Горошко\AppData\Local\Programs\MiKTeX 2.9\tex/
generic/pgf/math\pgfmath.code.tex"
("C:\Users\Николай Горошко\AppData\Local\Programs\MiKTeX 2.9\tex/
generic/pgf/math\pgfmathcalc.code.tex"
("C:\Users\Николай Горошко\AppData\Local\Programs\MiKTeX 2.9\tex/
generic/pgf/math\pgfmathutil.code.tex")
("C:\Users\Николай Горошко\AppData\Local\Programs\MiKTeX 2.9\tex/
generic/pgf/math\pgfmathparser.code.tex"
\pgfmath@dimen=\dimen126
\pgfmath@count=\count110
\pgfmath@box=\box30
\pgfmath@toks=\toks29
\pgfmath@stack@operand=\toks30
\pgfmath@stack@operation=\toks31
)
("C:\Users\Николай Горошко\AppData\Local\Programs\MiKTeX 2.9\tex/
generic/pgf/math\pgfmathfunctions.code.tex"
("C:\Users\Николай Горошко\AppData\Local\Programs\MiKTeX 2.9\tex/
generic/pgf/math\pgfmathfunctions.basic.code.tex")
("C:\Users\Николай Горошко\AppData\Local\Programs\MiKTeX 2.9\tex/
generic/pgf/math\pgfmathfunctions.trigonometric.code.tex")
("C:\Users\Николай Горошко\AppData\Local\Programs\MiKTeX 2.9\tex/
generic/pgf/math\pgfmathfunctions.random.code.tex")
("C:\Users\Николай Горошко\AppData\Local\Programs\MiKTeX 2.9\tex/
generic/pgf/math\pgfmathfunctions.comparison.code.tex")
("C:\Users\Николай Горошко\AppData\Local\Programs\MiKTeX 2.9\tex/
generic/pgf/math\pgfmathfunctions.base.code.tex")
("C:\Users\Николай Горошко\AppData\Local\Programs\MiKTeX 2.9\tex/
generic/pgf/math\pgfmathfunctions.round.code.tex")
("C:\Users\Николай Горошко\AppData\Local\Programs\MiKTeX 2.9\tex/
generic/pgf/math\pgfmathfunctions.misc.code.tex")
("C:\Users\Николай Горошко\AppData\Local\Programs\MiKTeX 2.9\tex/
generic/pgf/math\pgfmathfunctions.integerarithmetics.code.tex")))
("C:\Users\Николай Горошко\AppData\Local\Programs\MiKTeX 2.9\tex/
generic/pgf/math\pgfmathfloat.code.tex"
\c@pgfmathroundto@lastzeros=\count111
))
("C:\Users\Николай Горошко\AppData\Local\Programs\MiKTeX 2.9\tex/
generic/pgf/basiclayer\pgfcorepoints.code.tex"
File: pgfcorepoints.code.tex 2019/04/04 v3.1.2 (3.1.2)
\pgf@picminx=\dimen127
\pgf@picmaxx=\dimen128
\pgf@picminy=\dimen129
\pgf@picmaxy=\dimen130
\pgf@pathminx=\dimen131
\pgf@pathmaxx=\dimen132
\pgf@pathminy=\dimen133
\pgf@pathmaxy=\dimen134
\pgf@xx=\dimen135
\pgf@xy=\dimen136
\pgf@yx=\dimen137
\pgf@yy=\dimen138
\pgf@zx=\dimen139
\pgf@zy=\dimen140
)
("C:\Users\Николай Горошко\AppData\Local\Programs\MiKTeX 2.9\tex/
generic/pgf/basiclayer\pgfcorepathconstruct.code.tex"
File: pgfcorepathconstruct.code.tex 2019/04/04 v3.1.2 (3.1.2)
\pgf@path@lastx=\dimen141
\pgf@path@lasty=\dimen142
)
("C:\Users\Николай Горошко\AppData\Local\Programs\MiKTeX 2.9\tex/
generic/pgf/basiclayer\pgfcorepathusage.code.tex"
File: pgfcorepathusage.code.tex 2019/04/04 v3.1.2 (3.1.2)
\pgf@shorten@end@additional=\dimen143
\pgf@shorten@start@additional=\dimen144
)
("C:\Users\Николай Горошко\AppData\Local\Programs\MiKTeX 2.9\tex/
generic/pgf/basiclayer\pgfcorescopes.code.tex"
File: pgfcorescopes.code.tex 2019/04/04 v3.1.2 (3.1.2)
\pgfpic=\box31
\pgf@hbox=\box32
\pgf@layerbox@main=\box33
\pgf@picture@serial@count=\count112
)
("C:\Users\Николай Горошко\AppData\Local\Programs\MiKTeX 2.9\tex/
generic/pgf/basiclayer\pgfcoregraphicstate.code.tex"
File: pgfcoregraphicstate.code.tex 2019/04/04 v3.1.2 (3.1.2)
\pgflinewidth=\dimen145
)
("C:\Users\Николай Горошко\AppData\Local\Programs\MiKTeX 2.9\tex/
generic/pgf/basiclayer\pgfcoretransformations.code.tex"
File: pgfcoretransformations.code.tex 2019/04/04 v3.1.2 (3.1.2)
\pgf@pt@x=\dimen146
\pgf@pt@y=\dimen147
\pgf@pt@temp=\dimen148
)
("C:\Users\Николай Горошко\AppData\Local\Programs\MiKTeX 2.9\tex/
generic/pgf/basiclayer\pgfcorequick.code.tex"
File: pgfcorequick.code.tex 2019/04/04 v3.1.2 (3.1.2)
)
("C:\Users\Николай Горошко\AppData\Local\Programs\MiKTeX 2.9\tex/
generic/pgf/basiclayer\pgfcoreobjects.code.tex"
File: pgfcoreobjects.code.tex 2019/04/04 v3.1.2 (3.1.2)
)
("C:\Users\Николай Горошко\AppData\Local\Programs\MiKTeX 2.9\tex/
generic/pgf/basiclayer\pgfcorepathprocessing.code.tex"
File: pgfcorepathprocessing.code.tex 2019/04/04 v3.1.2 (3.1.2)
)
("C:\Users\Николай Горошко\AppData\Local\Programs\MiKTeX 2.9\tex/
generic/pgf/basiclayer\pgfcorearrows.code.tex"
File: pgfcorearrows.code.tex 2019/04/04 v3.1.2 (3.1.2)
\pgfarrowsep=\dimen149
)
("C:\Users\Николай Горошко\AppData\Local\Programs\MiKTeX 2.9\tex/
generic/pgf/basiclayer\pgfcoreshade.code.tex"
File: pgfcoreshade.code.tex 2019/04/04 v3.1.2 (3.1.2)
\pgf@max=\dimen150
\pgf@sys@shading@range@num=\count113
\pgf@shadingcount=\count114
)
("C:\Users\Николай Горошко\AppData\Local\Programs\MiKTeX 2.9\tex/
generic/pgf/basiclayer\pgfcoreimage.code.tex"
File: pgfcoreimage.code.tex 2019/04/04 v3.1.2 (3.1.2)

("C:\Users\Николай Горошко\AppData\Local\Programs\MiKTeX 2.9\tex/
generic/pgf/basiclayer\pgfcoreexternal.code.tex"
File: pgfcoreexternal.code.tex 2019/04/04 v3.1.2 (3.1.2)
\pgfexternal@startupbox=\box34
))
("C:\Users\Николай Горошко\AppData\Local\Programs\MiKTeX 2.9\tex/
generic/pgf/basiclayer\pgfcorelayers.code.tex"
File: pgfcorelayers.code.tex 2019/04/04 v3.1.2 (3.1.2)
)
("C:\Users\Николай Горошко\AppData\Local\Programs\MiKTeX 2.9\tex/
generic/pgf/basiclayer\pgfcoretransparency.code.tex"
File: pgfcoretransparency.code.tex 2019/04/04 v3.1.2 (3.1.2)
)
("C:\Users\Николай Горошко\AppData\Local\Programs\MiKTeX 2.9\tex/
generic/pgf/basiclayer\pgfcorepatterns.code.tex"
File: pgfcorepatterns.code.tex 2019/04/04 v3.1.2 (3.1.2)
)
("C:\Users\Николай Горошко\AppData\Local\Programs\MiKTeX 2.9\tex/
generic/pgf/basiclayer\pgfcorerdf.code.tex"
File: pgfcorerdf.code.tex 2019/04/04 v3.1.2 (3.1.2)
)))
("C:\Users\Николай Горошко\AppData\Local\Programs\MiKTeX 2.9\tex/
generic/pgf/modules\pgfmoduleshapes.code.tex"
File: pgfmoduleshapes.code.tex 2019/04/04 v3.1.2 (3.1.2)
\pgfnodeparttextbox=\box35
)
("C:\Users\Николай Горошко\AppData\Local\Programs\MiKTeX 2.9\tex/
generic/pgf/modules\pgfmoduleplot.code.tex"
File: pgfmoduleplot.code.tex 2019/04/04 v3.1.2 (3.1.2)
)
("C:\Users\Николай Горошко\AppData\Local\Programs\MiKTeX 2.9\tex/
latex/pgf/compatibility\pgfcomp-version-0-65.sty"
Package: pgfcomp-version-0-65 2019/04/04 v3.1.2 (3.1.2)
\pgf@nodesepstart=\dimen151
\pgf@nodesepend=\dimen152
)
("C:\Users\Николай Горошко\AppData\Local\Programs\MiKTeX 2.9\tex/
latex/pgf/compatibility\pgfcomp-version-1-18.sty"
Package: pgfcomp-version-1-18 2019/04/04 v3.1.2 (3.1.2)
))
("C:\Users\Николай Горошко\AppData\Local\Programs\MiKTeX 2.9\tex/
latex/pgf/utilities\pgffor.sty"
("C:\Users\Николай Горошко\AppData\Local\Programs\MiKTeX 2.9\tex/
latex/pgf/utilities\pgfkeys.sty"
("C:\Users\Николай Горошко\AppData\Local\Programs\MiKTeX 2.9\tex/
generic/pgf/utilities\pgfkeys.code.tex"))
("C:\Users\Николай Горошко\AppData\Local\Programs\MiKTeX 2.9\tex/
latex/pgf/math\pgfmath.sty"
("C:\Users\Николай Горошко\AppData\Local\Programs\MiKTeX 2.9\tex/
generic/pgf/math\pgfmath.code.tex"))
("C:\Users\Николай Горошко\AppData\Local\Programs\MiKTeX 2.9\tex/
generic/pgf/utilities\pgffor.code.tex"
Package: pgffor 2019/04/04 v3.1.2 (3.1.2)

("C:\Users\Николай Горошко\AppData\Local\Programs\MiKTeX 2.9\tex/
generic/pgf/math\pgfmath.code.tex")
\pgffor@iter=\dimen153
\pgffor@skip=\dimen154
\pgffor@stack=\toks32
\pgffor@toks=\toks33
))
("C:\Users\Николай Горошко\AppData\Local\Programs\MiKTeX 2.9\tex/
generic/pgf/frontendlayer/tikz\tikz.code.tex"
Package: tikz 2019/04/04 v3.1.2 (3.1.2)

("C:\Users\Николай Горошко\AppData\Local\Programs\MiKTeX 2.9\tex/
generic/pgf/libraries\pgflibraryplothandlers.code.tex"
File: pgflibraryplothandlers.code.tex 2019/04/04 v3.1.2 (3.1.2)
\pgf@plot@mark@count=\count115
\pgfplotmarksize=\dimen155
)
\tikz@lastx=\dimen156
\tikz@lasty=\dimen157
\tikz@lastxsaved=\dimen158
\tikz@lastysaved=\dimen159
\tikzleveldistance=\dimen160
\tikzsiblingdistance=\dimen161
\tikz@figbox=\box36
\tikz@figbox@bg=\box37
\tikz@tempbox=\box38
\tikz@tempbox@bg=\box39
\tikztreelevel=\count116
\tikznumberofchildren=\count117
\tikznumberofcurrentchild=\count118
\tikz@fig@count=\count119

("C:\Users\Николай Горошко\AppData\Local\Programs\MiKTeX 2.9\tex/
generic/pgf/modules\pgfmodulematrix.code.tex"
File: pgfmodulematrix.code.tex 2019/04/04 v3.1.2 (3.1.2)
\pgfmatrixcurrentrow=\count120
\pgfmatrixcurrentcolumn=\count121
\pgf@matrix@numberofcolumns=\count122
)
\tikz@expandcount=\count123

("C:\Users\Николай Горошко\AppData\Local\Programs\MiKTeX 2.9\tex/
generic/pgf/frontendlayer/tikz/libraries\tikzlibrarytopaths.code.tex"
File: tikzlibrarytopaths.code.tex 2019/04/04 v3.1.2 (3.1.2)
)))
("C:\Users\Николай Горошко\AppData\Local\Programs\MiKTeX 2.9\tex/
generic/pgf/frontendlayer/tikz/libraries\tikzlibrarypositioning.code.tex"
File: tikzlibrarypositioning.code.tex 2019/04/04 v3.1.2 (3.1.2)
)
("C:\Users\Николай Горошко\AppData\Local\Programs\MiKTeX 2.9\tex/
latex/geometry\geometry.sty"
Package: geometry 2018/04/16 v5.8 Page Geometry

("C:\Users\Николай Горошко\AppData\Local\Programs\MiKTeX 2.9\tex/
generic/oberdiek\ifvtex.sty"
Package: ifvtex 2016/05/16 v1.6 Detect VTeX and its facilities (HO)
Package ifvtex Info: VTeX not detected.
)
("C:\Users\Николай Горошко\AppData\Local\Programs\MiKTeX 2.9\tex/
generic/ifxetex\ifxetex.sty"
Package: ifxetex 2010/09/12 v0.6 Provides ifxetex conditional
)
\Gm@cnth=\count124
\Gm@cntv=\count125
\c@Gm@tempcnt=\count126
\Gm@bindingoffset=\dimen162
\Gm@wd@mp=\dimen163
\Gm@odd@mp=\dimen164
\Gm@even@mp=\dimen165
\Gm@layoutwidth=\dimen166
\Gm@layoutheight=\dimen167
\Gm@layouthoffset=\dimen168
\Gm@layoutvoffset=\dimen169
\Gm@dimlist=\toks34

("C:\Users\Николай Горошко\AppData\Local\Programs\MiKTeX 2.9\tex/
latex/geometry\geometry.cfg"))
("C:\Users\Николай Горошко\AppData\Local\Programs\MiKTeX 2.9\tex/
latex/setspace\setspace.sty"
Package: setspace 2011/12/19 v6.7a set line spacing
)
\c@theorem=\count127
\c@corollary=\count128
\c@lemma=\count129
\c@proposition=\count130
\c@remark=\count131
\c@assumption=\count132
\c@example=\count133
\c@definition=\count134
\c@figcount=\count135

("C:\Users\Николай Горошко\AppData\Local\Programs\MiKTeX 2.9\tex/
latex/titlesec\titlesec.sty"
Package: titlesec 2016/03/21 v2.10.2 Sectioning titles
\ttl@box=\box40
\beforetitleunit=\skip46
\aftertitleunit=\skip47
\ttl@plus=\dimen170
\ttl@minus=\dimen171
\ttl@toksa=\toks35
\titlewidth=\dimen172
\titlewidthlast=\dimen173
\titlewidthfirst=\dimen174
)
("C:\Users\Николай Горошко\AppData\Local\Programs\MiKTeX 2.9\tex/
latex/titlesec\titletoc.sty"
Package: titletoc 2011/12/15 v1.6 TOC entries
\ttl@leftsep=\dimen175
))
("C:\Users\Николай Горошко\AppData\Local\Programs\MiKTeX 2.9\tex/
latex/oberdiek\grffile.sty"
Package: grffile 2017/06/30 v1.18 Extended file name support for graphics (HO)
Package grffile Info: Option `multidot' is set to `true'.
Package grffile Info: Option `extendedchars' is set to `false'.
Package grffile Info: Option `space' is set to `true'.
Package grffile Info: \Gin@ii of package `graphicx' fixed on input line 494.
)
("C:\Users\Николай Горошко\AppData\Local\Programs\MiKTeX 2.9\tex/
latex/bigints\bigints.sty"
Package: bigints 2010/02/15 Writing big integrals
Package bigints Info: This is Bigints by Merciadri Luca. on input line 5.
) (mcode.sty
-- Package: `mcode' 2.5 <2014/03/06> --
Package: mcode 2014/03/06 2.5
 - settings optimized for display (colour formating)
 - line numbering enabled
 - framed listings

("C:\Users\Николай Горошко\AppData\Local\Programs\MiKTeX 2.9\tex/
latex/listings\listings.sty"
\lst@mode=\count136
\lst@gtempboxa=\box41
\lst@token=\toks36
\lst@length=\count137
\lst@currlwidth=\dimen176
\lst@column=\count138
\lst@pos=\count139
\lst@lostspace=\dimen177
\lst@width=\dimen178
\lst@newlines=\count140
\lst@lineno=\count141
\lst@maxwidth=\dimen179

("C:\Users\Николай Горошко\AppData\Local\Programs\MiKTeX 2.9\tex/
latex/listings\lstmisc.sty"
File: lstmisc.sty 2019/02/27 1.8b (Carsten Heinz)
\c@lstnumber=\count142
\lst@skipnumbers=\count143
\lst@framebox=\box42
)
("C:\Users\Николай Горошко\AppData\Local\Programs\MiKTeX 2.9\tex/
latex/listings\listings.cfg"
File: listings.cfg 2019/02/27 1.8b listings configuration
))
Package: listings 2019/02/27 1.8b (Carsten Heinz)

("C:\Users\Николай Горошко\AppData\Local\Programs\MiKTeX 2.9\tex/
latex/base\textcomp.sty"
Package: textcomp 2018/08/11 v2.0j Standard LaTeX package
Package textcomp Info: Sub-encoding information:
(textcomp)               5 = only ISO-Adobe without \textcurrency
(textcomp)               4 = 5 + \texteuro
(textcomp)               3 = 4 + \textohm
(textcomp)               2 = 3 + \textestimated + \textcurrency
(textcomp)               1 = TS1 - \textcircled - \t
(textcomp)               0 = TS1 (full)
(textcomp)             Font families with sub-encoding setting implement
(textcomp)             only a restricted character set as indicated.
(textcomp)             Family '?' is the default used for unknown fonts.
(textcomp)             See the documentation for details.
Package textcomp Info: Setting ? sub-encoding to TS1/1 on input line 79.

("C:\Users\Николай Горошко\AppData\Local\Programs\MiKTeX 2.9\tex/
latex/base\ts1enc.def"
File: ts1enc.def 2001/06/05 v3.0e (jk/car/fm) Standard LaTeX file
Now handling font encoding TS1 ...
... processing UTF-8 mapping file for font encoding TS1

("C:\Users\Николай Горошко\AppData\Local\Programs\MiKTeX 2.9\tex/
latex/base\ts1enc.dfu"
File: ts1enc.dfu 2018/10/05 v1.2f UTF-8 support for inputenc
   defining Unicode char U+00A2 (decimal 162)
   defining Unicode char U+00A3 (decimal 163)
   defining Unicode char U+00A4 (decimal 164)
   defining Unicode char U+00A5 (decimal 165)
   defining Unicode char U+00A6 (decimal 166)
   defining Unicode char U+00A7 (decimal 167)
   defining Unicode char U+00A8 (decimal 168)
   defining Unicode char U+00A9 (decimal 169)
   defining Unicode char U+00AA (decimal 170)
   defining Unicode char U+00AC (decimal 172)
   defining Unicode char U+00AE (decimal 174)
   defining Unicode char U+00AF (decimal 175)
   defining Unicode char U+00B0 (decimal 176)
   defining Unicode char U+00B1 (decimal 177)
   defining Unicode char U+00B2 (decimal 178)
   defining Unicode char U+00B3 (decimal 179)
   defining Unicode char U+00B4 (decimal 180)
   defining Unicode char U+00B5 (decimal 181)
   defining Unicode char U+00B6 (decimal 182)
   defining Unicode char U+00B7 (decimal 183)
   defining Unicode char U+00B9 (decimal 185)
   defining Unicode char U+00BA (decimal 186)
   defining Unicode char U+00BC (decimal 188)
   defining Unicode char U+00BD (decimal 189)
   defining Unicode char U+00BE (decimal 190)
   defining Unicode char U+00D7 (decimal 215)
   defining Unicode char U+00F7 (decimal 247)
   defining Unicode char U+0192 (decimal 402)
   defining Unicode char U+02C7 (decimal 711)
   defining Unicode char U+02D8 (decimal 728)
   defining Unicode char U+02DD (decimal 733)
   defining Unicode char U+0E3F (decimal 3647)
   defining Unicode char U+2016 (decimal 8214)
   defining Unicode char U+2020 (decimal 8224)
   defining Unicode char U+2021 (decimal 8225)
   defining Unicode char U+2022 (decimal 8226)
   defining Unicode char U+2030 (decimal 8240)
   defining Unicode char U+2031 (decimal 8241)
   defining Unicode char U+203B (decimal 8251)
   defining Unicode char U+203D (decimal 8253)
   defining Unicode char U+2044 (decimal 8260)
   defining Unicode char U+204E (decimal 8270)
   defining Unicode char U+2052 (decimal 8274)
   defining Unicode char U+20A1 (decimal 8353)
   defining Unicode char U+20A4 (decimal 8356)
   defining Unicode char U+20A6 (decimal 8358)
   defining Unicode char U+20A9 (decimal 8361)
   defining Unicode char U+20AB (decimal 8363)
   defining Unicode char U+20AC (decimal 8364)
   defining Unicode char U+20B1 (decimal 8369)
   defining Unicode char U+2103 (decimal 8451)
   defining Unicode char U+2116 (decimal 8470)
   defining Unicode char U+2117 (decimal 8471)
   defining Unicode char U+211E (decimal 8478)
   defining Unicode char U+2120 (decimal 8480)
   defining Unicode char U+2122 (decimal 8482)
   defining Unicode char U+2126 (decimal 8486)
   defining Unicode char U+2127 (decimal 8487)
   defining Unicode char U+212E (decimal 8494)
   defining Unicode char U+2190 (decimal 8592)
   defining Unicode char U+2191 (decimal 8593)
   defining Unicode char U+2192 (decimal 8594)
   defining Unicode char U+2193 (decimal 8595)
   defining Unicode char U+2329 (decimal 9001)
   defining Unicode char U+232A (decimal 9002)
   defining Unicode char U+2422 (decimal 9250)
   defining Unicode char U+25E6 (decimal 9702)
   defining Unicode char U+25EF (decimal 9711)
   defining Unicode char U+266A (decimal 9834)
   defining Unicode char U+FEFF (decimal 65279)
))
LaTeX Info: Redefining \oldstylenums on input line 334.
Package textcomp Info: Setting cmr sub-encoding to TS1/0 on input line 349.
Package textcomp Info: Setting cmss sub-encoding to TS1/0 on input line 350.
Package textcomp Info: Setting cmtt sub-encoding to TS1/0 on input line 351.
Package textcomp Info: Setting cmvtt sub-encoding to TS1/0 on input line 352.
Package textcomp Info: Setting cmbr sub-encoding to TS1/0 on input line 353.
Package textcomp Info: Setting cmtl sub-encoding to TS1/0 on input line 354.
Package textcomp Info: Setting ccr sub-encoding to TS1/0 on input line 355.
Package textcomp Info: Setting ptm sub-encoding to TS1/4 on input line 356.
Package textcomp Info: Setting pcr sub-encoding to TS1/4 on input line 357.
Package textcomp Info: Setting phv sub-encoding to TS1/4 on input line 358.
Package textcomp Info: Setting ppl sub-encoding to TS1/3 on input line 359.
Package textcomp Info: Setting pag sub-encoding to TS1/4 on input line 360.
Package textcomp Info: Setting pbk sub-encoding to TS1/4 on input line 361.
Package textcomp Info: Setting pnc sub-encoding to TS1/4 on input line 362.
Package textcomp Info: Setting pzc sub-encoding to TS1/4 on input line 363.
Package textcomp Info: Setting bch sub-encoding to TS1/4 on input line 364.
Package textcomp Info: Setting put sub-encoding to TS1/5 on input line 365.
Package textcomp Info: Setting uag sub-encoding to TS1/5 on input line 366.
Package textcomp Info: Setting ugq sub-encoding to TS1/5 on input line 367.
Package textcomp Info: Setting ul8 sub-encoding to TS1/4 on input line 368.
Package textcomp Info: Setting ul9 sub-encoding to TS1/4 on input line 369.
Package textcomp Info: Setting augie sub-encoding to TS1/5 on input line 370.
Package textcomp Info: Setting dayrom sub-encoding to TS1/3 on input line 371.
Package textcomp Info: Setting dayroms sub-encoding to TS1/3 on input line 372.

Package textcomp Info: Setting pxr sub-encoding to TS1/0 on input line 373.
Package textcomp Info: Setting pxss sub-encoding to TS1/0 on input line 374.
Package textcomp Info: Setting pxtt sub-encoding to TS1/0 on input line 375.
Package textcomp Info: Setting txr sub-encoding to TS1/0 on input line 376.
Package textcomp Info: Setting txss sub-encoding to TS1/0 on input line 377.
Package textcomp Info: Setting txtt sub-encoding to TS1/0 on input line 378.
Package textcomp Info: Setting lmr sub-encoding to TS1/0 on input line 379.
Package textcomp Info: Setting lmdh sub-encoding to TS1/0 on input line 380.
Package textcomp Info: Setting lmss sub-encoding to TS1/0 on input line 381.
Package textcomp Info: Setting lmssq sub-encoding to TS1/0 on input line 382.
Package textcomp Info: Setting lmvtt sub-encoding to TS1/0 on input line 383.
Package textcomp Info: Setting lmtt sub-encoding to TS1/0 on input line 384.
Package textcomp Info: Setting qhv sub-encoding to TS1/0 on input line 385.
Package textcomp Info: Setting qag sub-encoding to TS1/0 on input line 386.
Package textcomp Info: Setting qbk sub-encoding to TS1/0 on input line 387.
Package textcomp Info: Setting qcr sub-encoding to TS1/0 on input line 388.
Package textcomp Info: Setting qcs sub-encoding to TS1/0 on input line 389.
Package textcomp Info: Setting qpl sub-encoding to TS1/0 on input line 390.
Package textcomp Info: Setting qtm sub-encoding to TS1/0 on input line 391.
Package textcomp Info: Setting qzc sub-encoding to TS1/0 on input line 392.
Package textcomp Info: Setting qhvc sub-encoding to TS1/0 on input line 393.
Package textcomp Info: Setting futs sub-encoding to TS1/4 on input line 394.
Package textcomp Info: Setting futx sub-encoding to TS1/4 on input line 395.
Package textcomp Info: Setting futj sub-encoding to TS1/4 on input line 396.
Package textcomp Info: Setting hlh sub-encoding to TS1/3 on input line 397.
Package textcomp Info: Setting hls sub-encoding to TS1/3 on input line 398.
Package textcomp Info: Setting hlst sub-encoding to TS1/3 on input line 399.
Package textcomp Info: Setting hlct sub-encoding to TS1/5 on input line 400.
Package textcomp Info: Setting hlx sub-encoding to TS1/5 on input line 401.
Package textcomp Info: Setting hlce sub-encoding to TS1/5 on input line 402.
Package textcomp Info: Setting hlcn sub-encoding to TS1/5 on input line 403.
Package textcomp Info: Setting hlcw sub-encoding to TS1/5 on input line 404.
Package textcomp Info: Setting hlcf sub-encoding to TS1/5 on input line 405.
Package textcomp Info: Setting pplx sub-encoding to TS1/3 on input line 406.
Package textcomp Info: Setting pplj sub-encoding to TS1/3 on input line 407.
Package textcomp Info: Setting ptmx sub-encoding to TS1/4 on input line 408.
Package textcomp Info: Setting ptmj sub-encoding to TS1/4 on input line 409.
)) (CourseWorkGoroshko.aux
LaTeX Font Info:    Try loading font information for T2A+cmr on input line 3.

("C:\Users\Николай Горошко\AppData\Local\Programs\MiKTeX 2.9\tex/
latex/cyrillic\t2acmr.fd"
File: t2acmr.fd 2001/08/11 v1.0a Computer Modern Cyrillic font definitions
)

LaTeX Warning: Label `MPC' multiply defined.


LaTeX Warning: Label `MPC' multiply defined.

)
\openout1 = `CourseWorkGoroshko.aux'.

LaTeX Font Info:    Checking defaults for OML/cmm/m/it on input line 14.
LaTeX Font Info:    ... okay on input line 14.
LaTeX Font Info:    Checking defaults for T1/cmr/m/n on input line 14.
LaTeX Font Info:    ... okay on input line 14.
LaTeX Font Info:    Checking defaults for OT1/cmr/m/n on input line 14.
LaTeX Font Info:    ... okay on input line 14.
LaTeX Font Info:    Checking defaults for OMS/cmsy/m/n on input line 14.
LaTeX Font Info:    ... okay on input line 14.
LaTeX Font Info:    Checking defaults for OMX/cmex/m/n on input line 14.
LaTeX Font Info:    ... okay on input line 14.
LaTeX Font Info:    Checking defaults for U/cmr/m/n on input line 14.
LaTeX Font Info:    ... okay on input line 14.
LaTeX Font Info:    Checking defaults for T2A/cmr/m/n on input line 14.
LaTeX Font Info:    ... okay on input line 14.
LaTeX Font Info:    Checking defaults for TS1/cmr/m/n on input line 14.
LaTeX Font Info:    Try loading font information for TS1+cmr on input line 14.

("C:\Users\Николай Горошко\AppData\Local\Programs\MiKTeX 2.9\tex/
latex/base\ts1cmr.fd"
File: ts1cmr.fd 2014/09/29 v2.5h Standard LaTeX font definitions
)
LaTeX Font Info:    ... okay on input line 14.

("C:\Users\Николай Горошко\AppData\Local\Programs\MiKTeX 2.9\tex/
context/base/mkii\supp-pdf.mkii"
[Loading MPS to PDF converter (version 2006.09.02).]
\scratchcounter=\count144
\scratchdimen=\dimen180
\scratchbox=\box43
\nofMPsegments=\count145
\nofMParguments=\count146
\everyMPshowfont=\toks37
\MPscratchCnt=\count147
\MPscratchDim=\dimen181
\MPnumerator=\count148
\makeMPintoPDFobject=\count149
\everyMPtoPDFconversion=\toks38
) ABD: EveryShipout initializing macros
*geometry* driver: auto-detecting
*geometry* detected driver: pdftex
*geometry* verbose mode - [ preamble ] result:
* driver: pdftex
* paper: a4paper
* layout: <same size as paper>
* layoutoffset:(h,v)=(0.0pt,0.0pt)
* modes: 
* h-part:(L,W,R)=(85.35826pt, 483.69687pt, 28.45274pt)
* v-part:(T,H,B)=(56.9055pt, 731.23584pt, 56.9055pt)
* \paperwidth=597.50787pt
* \paperheight=845.04684pt
* \textwidth=483.69687pt
* \textheight=731.23584pt
* \oddsidemargin=13.08827pt
* \evensidemargin=13.08827pt
* \topmargin=-54.36449pt
* \headheight=14.0pt
* \headsep=25.0pt
* \topskip=14.0pt
* \footskip=30.0pt
* \marginparwidth=15.0pt
* \marginparsep=10.0pt
* \columnsep=10.0pt
* \skip\footins=12.0pt plus 4.0pt minus 2.0pt
* \hoffset=0.0pt
* \voffset=0.0pt
* \mag=1000
* \@twocolumnfalse
* \@twosidefalse
* \@mparswitchfalse
* \@reversemarginfalse
* (1in=72.27pt=25.4mm, 1cm=28.453pt)

\c@lstlisting=\count150
! Undefined control sequence.
\BSUtitleCourse ...\par \vskip 2em \par \@project 
                                                  \end {center} \par \vfill ...
l.39 \BSUtitleCourse
                    
The control sequence at the end of the top line
of your error message was never \def'ed. If you have
misspelled it (e.g., `\hobx'), type `I' and the correct
spelling (e.g., `I\hbox'). Otherwise just continue,
and I'll forget about whatever was undefined.


Overfull \hbox (28.45271pt too wide) in paragraph at lines 39--39
[]| [] 
 []

[1

{C:/Users/Николай Горошко/AppData/Local/MiKTeX/2.9/pdftex/config/
pdftex.map}] (CourseWorkGoroshko.toc
Overfull \hbox (7.9181pt too wide) detected at line 4
\T2A/cmr/bx/n/14.4 1 
 []


Overfull \hbox (7.9181pt too wide) detected at line 9
\T2A/cmr/bx/n/14.4 2 
 []


Overfull \hbox (7.9181pt too wide) detected at line 13
\T2A/cmr/bx/n/14.4 3 
 []

)
\tf@toc=\write4
\openout4 = `CourseWorkGoroshko.toc'.

 (intro.tex [2

]) (chapter1.tex [3

]
{\cyrillictext \CYRG \cyrl \cyra \cyrv \cyra } 1.
LaTeX Font Info:    Try loading font information for U+msa on input line 2.

("C:\Users\Николай Горошко\AppData\Local\Programs\MiKTeX 2.9\tex/
latex/amsfonts\umsa.fd"
File: umsa.fd 2013/01/14 v3.01 AMS symbols A
)
LaTeX Font Info:    Try loading font information for U+msb on input line 2.

("C:\Users\Николай Горошко\AppData\Local\Programs\MiKTeX 2.9\tex/
latex/amsfonts\umsb.fd"
File: umsb.fd 2013/01/14 v3.01 AMS symbols B
) [4

] [5]

LaTeX Warning: Command \cyri invalid in math mode on input line 37.

Missing character: There is no  in font cmr12!
[6] [7] [8]
Underfull \hbox (badness 7308) in paragraph at lines 117--118
[]\T2A/cmr/m/n/14.4    -- -- --- 
--
 []

) (chapter2.tex [9]
{\cyrillictext \CYRG \cyrl \cyra \cyrv \cyra } 2.

Underfull \hbox (badness 10000) in paragraph at lines 15--18

 []


Underfull \hbox (badness 10000) in paragraph at lines 23--24

 []

[10

]
Underfull \hbox (badness 10000) in paragraph at lines 29--31

 []

[11] [12] [13]
Underfull \hbox (badness 10000) in paragraph at lines 117--119

 []

[14]

LaTeX Warning: Command \cyre invalid in math mode on input line 134.


LaTeX Warning: Command \cyrs invalid in math mode on input line 134.


LaTeX Warning: Command \cyrl invalid in math mode on input line 134.


LaTeX Warning: Command \cyri invalid in math mode on input line 134.

Missing character: There is no  in font cmr12!
Missing character: There is no  in font cmr12!
Missing character: There is no  in font cmr12!
Missing character: There is no  in font cmr12!

LaTeX Warning: Command \cyre invalid in math mode on input line 135.


LaTeX Warning: Command \cyrs invalid in math mode on input line 135.


LaTeX Warning: Command \cyrl invalid in math mode on input line 135.


LaTeX Warning: Command \cyri invalid in math mode on input line 135.

Missing character: There is no  in font cmr12!
Missing character: There is no  in font cmr12!
Missing character: There is no  in font cmr12!
Missing character: There is no  in font cmr12!

LaTeX Warning: Command \cyre invalid in math mode on input line 136.


LaTeX Warning: Command \cyrs invalid in math mode on input line 136.


LaTeX Warning: Command \cyrl invalid in math mode on input line 136.


LaTeX Warning: Command \cyri invalid in math mode on input line 136.

Missing character: There is no  in font cmr12!
Missing character: There is no  in font cmr12!
Missing character: There is no  in font cmr12!
Missing character: There is no  in font cmr12!
[15]
<dugi.png, id=65, 369.63094pt x 331.99031pt>
File: dugi.png Graphic file (type png)
<use dugi.png>
Package pdftex.def Info: dugi.png  used on input line 167.
(pdftex.def)             Requested size: 284.52756pt x 255.55226pt.
 [16 <./dugi.png>]) (chapter3.tex [17]
{\cyrillictext \CYRG \cyrl \cyra \cyrv \cyra } 3.
[18

] [19] [20]
Underfull \hbox (badness 10000) in paragraph at lines 67--70

 []

LaTeX Font Info:    Try loading font information for T2A+pcr on input line 73.
LaTeX Font Info:    No file T2Apcr.fd. on input line 73.

LaTeX Font Warning: Font shape `T2A/pcr/m/n' undefined
(Font)              using `T2A/cmr/m/n' instead on input line 73.

LaTeX Font Info:    Try loading font information for T2A+ptm on input line 75.
LaTeX Font Info:    No file T2Aptm.fd. on input line 75.

LaTeX Font Warning: Font shape `T2A/ptm/m/n' undefined
(Font)              using `T2A/cmr/m/n' instead on input line 75.

LaTeX Font Info:    Try loading font information for TS1+ptm on input line 75.

("C:\Users\Николай Горошко\AppData\Local\Programs\MiKTeX 2.9\tex/
latex/psnfss\ts1ptm.fd"
File: ts1ptm.fd 2001/06/04 font definitions for TS1/ptm.
)
LaTeX Font Info:    Try loading font information for TS1+pcr on input line 80.

("C:\Users\Николай Горошко\AppData\Local\Programs\MiKTeX 2.9\tex/
latex/psnfss\ts1pcr.fd"
File: ts1pcr.fd 2001/06/04 font definitions for TS1/pcr.
) [21]
<figure1.1.jpg, id=89, 562.1pt x 421.575pt>
File: figure1.1.jpg Graphic file (type jpg)
<use figure1.1.jpg>
Package pdftex.def Info: figure1.1.jpg  used on input line 126.
(pdftex.def)             Requested size: 281.04932pt x 210.78697pt.
<figure1.2.jpg, id=90, 562.1pt x 421.575pt>
File: figure1.2.jpg Graphic file (type jpg)
<use figure1.2.jpg>
Package pdftex.def Info: figure1.2.jpg  used on input line 127.
(pdftex.def)             Requested size: 224.83601pt x 168.627pt.

Overfull \hbox (25.23065pt too wide) in paragraph at lines 126--128
[][] [] 
 []

<figure2.1.jpg, id=91, 562.1pt x 421.575pt>
File: figure2.1.jpg Graphic file (type jpg)
<use figure2.1.jpg>
Package pdftex.def Info: figure2.1.jpg  used on input line 131.
(pdftex.def)             Requested size: 281.04932pt x 210.78697pt.
<figure2.2.jpg, id=92, 562.1pt x 421.575pt>
File: figure2.2.jpg Graphic file (type jpg)
<use figure2.2.jpg>
Package pdftex.def Info: figure2.2.jpg  used on input line 132.
(pdftex.def)             Requested size: 224.83601pt x 168.627pt.

Overfull \hbox (25.23065pt too wide) in paragraph at lines 131--133
[][] [] 
 []

<figure3.1.jpg, id=93, 562.1pt x 421.575pt>
File: figure3.1.jpg Graphic file (type jpg)
<use figure3.1.jpg>
Package pdftex.def Info: figure3.1.jpg  used on input line 136.
(pdftex.def)             Requested size: 281.04932pt x 210.78697pt.
<figure3.2.jpg, id=94, 562.1pt x 421.575pt>
File: figure3.2.jpg Graphic file (type jpg)
<use figure3.2.jpg>
Package pdftex.def Info: figure3.2.jpg  used on input line 137.
(pdftex.def)             Requested size: 224.83601pt x 168.627pt.

Overfull \hbox (25.23065pt too wide) in paragraph at lines 136--138
[][] [] 
 []


LaTeX Warning: `h' float specifier changed to `ht'.


LaTeX Warning: `h' float specifier changed to `ht'.


LaTeX Warning: `h' float specifier changed to `ht'.

[22] [23 <./figure1.1.jpg> <./figure1.2.jpg> <./figure2.1.jpg> <./figure2.2.jpg
>]
<figure6.jpg, id=101, 1204.5pt x 301.125pt>
File: figure6.jpg Graphic file (type jpg)
<use figure6.jpg>
Package pdftex.def Info: figure6.jpg  used on input line 157.
(pdftex.def)             Requested size: 722.70558pt x 180.67638pt.

Overfull \hbox (239.00871pt too wide) in paragraph at lines 157--158
[][] 
 []

<figure4.1.jpg, id=102, 562.1pt x 421.575pt>
File: figure4.1.jpg Graphic file (type jpg)
<use figure4.1.jpg>
Package pdftex.def Info: figure4.1.jpg  used on input line 161.
(pdftex.def)             Requested size: 281.04932pt x 210.78697pt.
<figure4.2.jpg, id=103, 562.1pt x 421.575pt>
File: figure4.2.jpg Graphic file (type jpg)
<use figure4.2.jpg>
Package pdftex.def Info: figure4.2.jpg  used on input line 162.
(pdftex.def)             Requested size: 224.83601pt x 168.627pt.

Overfull \hbox (25.23065pt too wide) in paragraph at lines 161--163
[][] [] 
 []

<figure5.1.jpg, id=104, 562.1pt x 421.575pt>
File: figure5.1.jpg Graphic file (type jpg)
<use figure5.1.jpg>
Package pdftex.def Info: figure5.1.jpg  used on input line 166.
(pdftex.def)             Requested size: 281.04932pt x 210.78697pt.
<figure5.2.jpg, id=105, 562.1pt x 421.575pt>
File: figure5.2.jpg Graphic file (type jpg)
<use figure5.2.jpg>
Package pdftex.def Info: figure5.2.jpg  used on input line 167.
(pdftex.def)             Requested size: 224.83601pt x 168.627pt.

Overfull \hbox (25.23065pt too wide) in paragraph at lines 166--168
[][] [] 
 []

)

LaTeX Warning: `h' float specifier changed to `ht'.


LaTeX Warning: `h' float specifier changed to `ht'.


LaTeX Warning: `h' float specifier changed to `ht'.

(conclusions.tex [24 <./figure3.1.jpg> <./figure3.2.jpg>] [25 <./figure6.jpg> <
./figure4.1.jpg> <./figure4.2.jpg> <./figure5.1.jpg> <./figure5.2.jpg>])
(bibliography.tex [26

]
Underfull \hbox (badness 1221) in paragraph at lines 12--13
[]\T2A/cmr/m/n/14.4 Mayne, D; Rawlings; Rao; Scokaert (2000). "Constrained mode
l
 []


Underfull \hbox (badness 2726) in paragraph at lines 13--14
[]\T2A/cmr/m/n/14.4 Vichik, Sergey; Borrelli, Francesco (2014). "Solving linear
 and
 []


Underfull \hbox (badness 1215) in paragraph at lines 13--14
\T2A/cmr/m/n/14.4 quadratic programs with an analog circuit". Computers and Che
mical
 []

) [27

] (CourseWorkGoroshko.aux)

LaTeX Font Warning: Some font shapes were not available, defaults substituted.


LaTeX Warning: There were multiply-defined labels.

 )
(\end occurred inside a group at level 1)

### simple group (level 1) entered at line 16 ({)
### bottom level 
Here is how much of TeX's memory you used:
 17296 strings out of 492942
 326467 string characters out of 3115533
 384851 words of memory out of 3000000
 20811 multiletter control sequences out of 15000+200000
 15022 words of font info for 38 fonts, out of 3000000 for 9000
 1141 hyphenation exceptions out of 8191
 62i,8n,50p,1529b,1397s stack positions out of 5000i,500n,10000p,200000b,50000s
{C:/Users/Николай Горошко/AppData/Local/Programs/
MiKTeX 2.9/fonts/enc/dvips/base/8r.enc}{C:/Users/Николай Горошко/
AppData/Local/Programs/MiKTeX 2.9/fonts/enc/dvips/cm-super/cm-super-t2a.enc}{C:
/Users/Николай Горошко/AppData/Local/Programs/MiKTeX 2.9/fonts/en
c/dvips/cm-super/cm-super-ts1.enc}<C:/Users/Николай Горошко/AppDa
ta/Local/Programs/MiKTeX 2.9/fonts/type1/public/amsfonts/cm/cmex10.pfb><C:/User
s/Николай Горошко/AppData/Local/Programs/MiKTeX 2.9/fonts/type1/p
ublic/amsfonts/cm/cmmi10.pfb><C:/Users/Николай Горошко/AppData/Lo
cal/Programs/MiKTeX 2.9/fonts/type1/public/amsfonts/cm/cmmi12.pfb><C:/Users/Н
колай Горошко/AppData/Local/Programs/MiKTeX 2.9/fonts/type1/public
/amsfonts/cm/cmmi7.pfb><C:/Users/Николай Горошко/AppData/Local/Pr
ograms/MiKTeX 2.9/fonts/type1/public/amsfonts/cm/cmr10.pfb><C:/Users/Никол
ай Горошко/AppData/Local/Programs/MiKTeX 2.9/fonts/type1/public/amsfon
ts/cm/cmr12.pfb><C:/Users/Николай Горошко/AppData/Local/Programs/
MiKTeX 2.9/fonts/type1/public/amsfonts/cm/cmr7.pfb><C:/Users/Николай Г
рошко/AppData/Local/Programs/MiKTeX 2.9/fonts/type1/public/amsfonts/cm/cm
sy10.pfb><C:/Users/Николай Горошко/AppData/Local/Programs/MiKTeX 
2.9/fonts/type1/public/amsfonts/symbols/msbm10.pfb><C:/Users/Николай Г
рошко/AppData/Local/Programs/MiKTeX 2.9/fonts/type1/public/cm-super/sfbx1
440.pfb><C:/Users/Николай Горошко/AppData/Local/Programs/MiKTeX 2
.9/fonts/type1/public/cm-super/sfbx1728.pfb><C:/Users/Николай Горош
ко/AppData/Local/Programs/MiKTeX 2.9/fonts/type1/public/cm-super/sfrm0600.pfb
><C:/Users/Николай Горошко/AppData/Local/Programs/MiKTeX 2.9/font
s/type1/public/cm-super/sfrm0800.pfb><C:/Users/Николай Горошко/Ap
pData/Local/Programs/MiKTeX 2.9/fonts/type1/public/cm-super/sfrm1440.pfb><C:/Us
ers/Николай Горошко/AppData/Local/Programs/MiKTeX 2.9/fonts/type1
/urw/courier/ucrr8a.pfb><C:/Users/Николай Горошко/AppData/Local/P
rograms/MiKTeX 2.9/fonts/type1/urw/times/utmr8a.pfb>
Output written on CourseWorkGoroshko.pdf (27 pages, 629570 bytes).
PDF statistics:
 173 PDF objects out of 1000 (max. 8388607)
 0 named destinations out of 1000 (max. 500000)
 73 words of extra memory for PDF output out of 10000 (max. 10000000)

